<?xml version="1.0" encoding="UTF-8"?>
<!-- Generated by org.testng.reporters.JUnitReportReporter -->
<testsuite hostname="DESKTOP-QQJINFP" failures="0" tests="5" name="pruebas.Clase5cTest" time="7.463" errors="0" timestamp="2023-01-25T21:53:15 ART" skipped="0">
  <testcase classname="pruebas.Clase5cTest" name="login" time="1.437"/>
  <system-out/>
  <testcase classname="pruebas.Clase5cTest" name="login" time="1.407"/>
  <system-out/>
  <testcase classname="pruebas.Clase5cTest" name="login" time="1.700"/>
  <system-out/>
  <testcase classname="pruebas.Clase5cTest" name="login" time="1.501"/>
  <system-out/>
  <testcase classname="pruebas.Clase5cTest" name="login" time="1.418"/>
  <system-out/>
</testsuite> <!-- pruebas.Clase5cTest -->
