<?xml version="1.0" encoding="UTF-8"?>
<!-- Generated by org.testng.reporters.JUnitReportReporter -->
<testsuite hostname="DESKTOP-QQJINFP" failures="0" tests="1" name="Edit.EducacionIT_61771.Clase6" time="0.069" errors="0" timestamp="2023-01-30T20:26:04 ART" skipped="0">
  <testcase classname="Edit.EducacionIT_61771.Clase6" name="alertaNotificacion" time="0.069"/>
  <system-out/>
</testsuite> <!-- Edit.EducacionIT_61771.Clase6 -->
